<?xml version="1.0" encoding="UTF-8"?>
<!-- Generated by org.testng.reporters.JUnitReportReporter -->
<testsuite hostname="DESKTOP-175D9K0" failures="0" tests="2" name="testCases.TC_001_New_Registration" time="10.922" errors="0" timestamp="2023-12-04T15:49:20 IST" skipped="0">
  <testcase classname="testCases.TC_001_New_Registration" name="OC_account_Registration" time="2.272"/>
  <testcase classname="testCases.TC_001_New_Registration" name="OC_account_Registration" time="8.650"/>
</testsuite> <!-- testCases.TC_001_New_Registration -->
