<?xml version="1.0" encoding="UTF-8"?>
<!-- Generated by org.testng.reporters.JUnitReportReporter -->
<testsuite hostname="DESKTOP-175D9K0" failures="0" tests="1" name="testCases.TC_001_New_Registration" time="3.315" errors="0" timestamp="2023-11-23T12:53:00 IST" skipped="0">
  <testcase classname="testCases.TC_001_New_Registration" name="OC_account_Registration" time="3.315"/>
</testsuite> <!-- testCases.TC_001_New_Registration -->
