<?xml version="1.0" encoding="UTF-8"?>
<!-- Generated by org.testng.reporters.JUnitReportReporter -->
<testsuite hostname="DESKTOP-175D9K0" failures="0" tests="1" name="testCases.TC_001_New_Registration" time="2.408" errors="0" timestamp="2023-11-28T14:55:40 IST" skipped="0">
  <testcase classname="testCases.TC_001_New_Registration" name="OC_account_Registration" time="2.408"/>
  <system-out/>
</testsuite> <!-- testCases.TC_001_New_Registration -->
